[2020-02-14 01:18:00 +0300] [25703] [INFO] Starting gunicorn 20.0.4
[2020-02-14 01:18:00 +0300] [25703] [INFO] Listening at: http://0.0.0.0:8283 (25703)
[2020-02-14 01:18:00 +0300] [25703] [INFO] Using worker: sync
[2020-02-14 01:18:00 +0300] [25708] [INFO] Booting worker with pid: 25708
[2020-02-14 01:18:00 +0300] [25709] [INFO] Booting worker with pid: 25709
[2020-02-14 01:18:00 +0300] [25710] [INFO] Booting worker with pid: 25710
[2020-02-14 01:18:00 +0300] [25712] [INFO] Booting worker with pid: 25712
[2020-02-14 01:18:01 +0300] [25714] [INFO] Booting worker with pid: 25714
[2020-02-14 01:22:09 +0300] [25703] [INFO] Handling signal: int
[2020-02-13 22:22:09 +0000] [25708] [INFO] Worker exiting (pid: 25708)
[2020-02-13 22:22:09 +0000] [25710] [INFO] Worker exiting (pid: 25710)
[2020-02-13 22:22:09 +0000] [25712] [INFO] Worker exiting (pid: 25712)
[2020-02-13 22:22:09 +0000] [25709] [INFO] Worker exiting (pid: 25709)
[2020-02-14 01:22:10 +0300] [25703] [INFO] Shutting down: Master
[2020-02-14 01:22:25 +0300] [26340] [INFO] Starting gunicorn 20.0.4
[2020-02-14 01:22:25 +0300] [26340] [INFO] Listening at: http://0.0.0.0:8283 (26340)
[2020-02-14 01:22:25 +0300] [26340] [INFO] Using worker: sync
[2020-02-14 01:22:25 +0300] [26340] [INFO] Server is ready. Spawning workers
[2020-02-14 01:22:25 +0300] [26345] [INFO] Booting worker with pid: 26345
[2020-02-14 01:22:25 +0300] [26345] [INFO] Worker spawned (pid: 26345)
[2020-02-14 01:22:25 +0300] [26346] [INFO] Booting worker with pid: 26346
[2020-02-14 01:22:25 +0300] [26346] [INFO] Worker spawned (pid: 26346)
[2020-02-14 01:22:25 +0300] [26347] [INFO] Booting worker with pid: 26347
[2020-02-14 01:22:25 +0300] [26347] [INFO] Worker spawned (pid: 26347)
[2020-02-14 01:22:25 +0300] [26350] [INFO] Booting worker with pid: 26350
[2020-02-14 01:22:25 +0300] [26350] [INFO] Worker spawned (pid: 26350)
[2020-02-14 01:22:25 +0300] [26351] [INFO] Booting worker with pid: 26351
[2020-02-14 01:22:25 +0300] [26351] [INFO] Worker spawned (pid: 26351)
[2020-02-13 22:26:42 +0000] [26351] [INFO] worker received INT or QUIT signal
[2020-02-13 22:26:42 +0000] [26350] [INFO] worker received INT or QUIT signal
[2020-02-13 22:26:42 +0000] [26346] [INFO] worker received INT or QUIT signal
[2020-02-13 22:26:42 +0000] [26347] [INFO] worker received INT or QUIT signal
[2020-02-13 22:26:42 +0000] [26345] [INFO] worker received INT or QUIT signal
[2020-02-14 01:26:42 +0300] [26340] [INFO] Handling signal: int
[2020-02-13 22:26:42 +0000] [26345] [INFO] worker received INT or QUIT signal
[2020-02-13 22:26:42 +0000] [26347] [INFO] worker received INT or QUIT signal
[2020-02-13 22:26:42 +0000] [26351] [INFO] worker received INT or QUIT signal
[2020-02-13 22:26:42 +0000] [26350] [INFO] worker received INT or QUIT signal
[2020-02-13 22:26:42 +0000] [26346] [INFO] worker received INT or QUIT signal
[2020-02-13 22:26:43 +0000] [26345] [INFO] Worker exiting (pid: 26345)
[2020-02-13 22:26:43 +0000] [26347] [INFO] Worker exiting (pid: 26347)
[2020-02-13 22:26:43 +0000] [26351] [INFO] Worker exiting (pid: 26351)
[2020-02-13 22:26:43 +0000] [26350] [INFO] Worker exiting (pid: 26350)
[2020-02-13 22:26:43 +0000] [26346] [INFO] Worker exiting (pid: 26346)
[2020-02-14 01:26:43 +0300] [26340] [INFO] Shutting down: Master
[2020-02-14 01:34:53 +0300] [26984] [CRITICAL] WORKER TIMEOUT (pid:26991)
[2020-02-14 01:37:28 +0300] [26984] [CRITICAL] WORKER TIMEOUT (pid:26993)
[2020-02-14 01:49:59 +0300] [29503] [CRITICAL] WORKER TIMEOUT (pid:29549)
[2020-02-15 19:32:01 +0300] [29503] [CRITICAL] WORKER TIMEOUT (pid:31597)
[2020-02-16 23:29:33 +0300] [9930] [INFO] Starting gunicorn 20.0.4
[2020-02-16 23:29:33 +0300] [9930] [INFO] Listening at: http://0.0.0.0:8283 (9930)
[2020-02-16 23:29:33 +0300] [9930] [INFO] Using worker: sync
[2020-02-16 23:29:33 +0300] [9930] [INFO] Server is ready. Spawning workers
[2020-02-16 23:29:33 +0300] [9935] [INFO] Booting worker with pid: 9935
[2020-02-16 23:29:33 +0300] [9935] [INFO] Worker spawned (pid: 9935)
[2020-02-16 23:29:33 +0300] [9936] [INFO] Booting worker with pid: 9936
[2020-02-16 23:29:33 +0300] [9936] [INFO] Worker spawned (pid: 9936)
[2020-02-16 23:29:33 +0300] [9937] [INFO] Booting worker with pid: 9937
[2020-02-16 23:29:33 +0300] [9937] [INFO] Worker spawned (pid: 9937)
[2020-02-16 23:29:33 +0300] [9938] [INFO] Booting worker with pid: 9938
[2020-02-16 23:29:33 +0300] [9938] [INFO] Worker spawned (pid: 9938)
[2020-02-16 23:29:33 +0300] [9941] [INFO] Booting worker with pid: 9941
[2020-02-16 23:29:33 +0300] [9941] [INFO] Worker spawned (pid: 9941)
[2020-02-16 20:29:37 +0000] [9941] [INFO] worker received INT or QUIT signal
[2020-02-16 20:29:37 +0000] [9936] [INFO] worker received INT or QUIT signal
[2020-02-16 20:29:37 +0000] [9938] [INFO] worker received INT or QUIT signal
[2020-02-16 23:29:37 +0300] [9930] [INFO] Handling signal: int
[2020-02-16 20:29:37 +0000] [9938] [INFO] worker received INT or QUIT signal
[2020-02-16 20:29:37 +0000] [9941] [INFO] worker received INT or QUIT signal
[2020-02-16 20:29:37 +0000] [9936] [INFO] worker received INT or QUIT signal
[2020-02-16 20:29:37 +0000] [9935] [INFO] worker received INT or QUIT signal
[2020-02-16 20:29:37 +0000] [9937] [INFO] worker received INT or QUIT signal
[2020-02-16 20:29:37 +0000] [9941] [INFO] Worker exiting (pid: 9941)
[2020-02-16 20:29:37 +0000] [9938] [INFO] Worker exiting (pid: 9938)
[2020-02-16 20:29:37 +0000] [9936] [INFO] Worker exiting (pid: 9936)
[2020-02-16 20:29:37 +0000] [9935] [INFO] worker received INT or QUIT signal
[2020-02-16 20:29:37 +0000] [9937] [INFO] worker received INT or QUIT signal
[2020-02-16 23:29:38 +0300] [9930] [INFO] Shutting down: Master
[2020-02-16 23:29:43 +0300] [9985] [INFO] Starting gunicorn 20.0.4
[2020-02-16 23:29:43 +0300] [9985] [INFO] Listening at: http://0.0.0.0:8283 (9985)
[2020-02-16 23:29:43 +0300] [9985] [INFO] Using worker: sync
[2020-02-16 23:29:43 +0300] [9985] [INFO] Server is ready. Spawning workers
[2020-02-16 23:29:43 +0300] [10030] [INFO] Booting worker with pid: 10030
[2020-02-16 23:29:43 +0300] [10030] [INFO] Worker spawned (pid: 10030)
[2020-02-16 23:29:43 +0300] [10031] [INFO] Booting worker with pid: 10031
[2020-02-16 23:29:43 +0300] [10031] [INFO] Worker spawned (pid: 10031)
[2020-02-16 23:29:43 +0300] [10032] [INFO] Booting worker with pid: 10032
[2020-02-16 23:29:43 +0300] [10032] [INFO] Worker spawned (pid: 10032)
[2020-02-16 23:29:43 +0300] [10033] [INFO] Booting worker with pid: 10033
[2020-02-16 23:29:43 +0300] [10033] [INFO] Worker spawned (pid: 10033)
[2020-02-16 23:29:43 +0300] [10035] [INFO] Booting worker with pid: 10035
[2020-02-16 23:29:43 +0300] [10035] [INFO] Worker spawned (pid: 10035)
[2020-02-16 23:40:06 +0300] [9985] [INFO] Handling signal: term
[2020-02-16 20:40:06 +0000] [10031] [INFO] Worker exiting (pid: 10031)
[2020-02-16 20:40:06 +0000] [10030] [INFO] Worker exiting (pid: 10030)
[2020-02-16 20:40:06 +0000] [10035] [INFO] Worker exiting (pid: 10035)
[2020-02-16 20:40:06 +0000] [10033] [INFO] Worker exiting (pid: 10033)
[2020-02-16 20:40:06 +0000] [10032] [INFO] Worker exiting (pid: 10032)
[2020-02-16 23:40:07 +0300] [9985] [INFO] Shutting down: Master
[2020-02-16 23:40:16 +0300] [11028] [INFO] Starting gunicorn 20.0.4
[2020-02-16 23:40:16 +0300] [11028] [INFO] Listening at: http://0.0.0.0:8283 (11028)
[2020-02-16 23:40:16 +0300] [11028] [INFO] Using worker: sync
[2020-02-16 23:40:16 +0300] [11028] [INFO] Server is ready. Spawning workers
[2020-02-16 23:40:16 +0300] [11072] [INFO] Booting worker with pid: 11072
[2020-02-16 23:40:16 +0300] [11072] [INFO] Worker spawned (pid: 11072)
[2020-02-16 23:40:16 +0300] [11073] [INFO] Booting worker with pid: 11073
[2020-02-16 23:40:16 +0300] [11073] [INFO] Worker spawned (pid: 11073)
[2020-02-16 23:40:16 +0300] [11074] [INFO] Booting worker with pid: 11074
[2020-02-16 23:40:16 +0300] [11074] [INFO] Worker spawned (pid: 11074)
[2020-02-16 23:40:16 +0300] [11076] [INFO] Booting worker with pid: 11076
[2020-02-16 23:40:16 +0300] [11076] [INFO] Worker spawned (pid: 11076)
[2020-02-16 23:40:16 +0300] [11077] [INFO] Booting worker with pid: 11077
[2020-02-16 23:40:16 +0300] [11077] [INFO] Worker spawned (pid: 11077)
[2020-02-16 23:46:03 +0300] [11028] [INFO] Handling signal: term
[2020-02-16 20:46:03 +0000] [11073] [INFO] Worker exiting (pid: 11073)
[2020-02-16 20:46:03 +0000] [11074] [INFO] Worker exiting (pid: 11074)
[2020-02-16 20:46:03 +0000] [11076] [INFO] Worker exiting (pid: 11076)
[2020-02-16 20:46:03 +0000] [11077] [INFO] Worker exiting (pid: 11077)
[2020-02-16 20:46:03 +0000] [11072] [INFO] Worker exiting (pid: 11072)
[2020-02-16 23:46:03 +0300] [11028] [INFO] Shutting down: Master
[2020-02-16 23:46:11 +0300] [12464] [INFO] Starting gunicorn 20.0.4
[2020-02-16 23:46:11 +0300] [12464] [INFO] Listening at: http://0.0.0.0:8283 (12464)
[2020-02-16 23:46:11 +0300] [12464] [INFO] Using worker: sync
[2020-02-16 23:46:11 +0300] [12464] [INFO] Server is ready. Spawning workers
[2020-02-16 23:46:11 +0300] [12508] [INFO] Booting worker with pid: 12508
[2020-02-16 23:46:11 +0300] [12508] [INFO] Worker spawned (pid: 12508)
[2020-02-16 23:46:11 +0300] [12509] [INFO] Booting worker with pid: 12509
[2020-02-16 23:46:11 +0300] [12509] [INFO] Worker spawned (pid: 12509)
[2020-02-16 23:46:11 +0300] [12510] [INFO] Booting worker with pid: 12510
[2020-02-16 23:46:11 +0300] [12510] [INFO] Worker spawned (pid: 12510)
[2020-02-16 23:46:11 +0300] [12511] [INFO] Booting worker with pid: 12511
[2020-02-16 23:46:11 +0300] [12511] [INFO] Worker spawned (pid: 12511)
[2020-02-16 23:46:11 +0300] [12512] [INFO] Booting worker with pid: 12512
[2020-02-16 23:46:11 +0300] [12512] [INFO] Worker spawned (pid: 12512)
[2020-02-17 00:34:41 +0300] [13653] [INFO] Booting worker with pid: 13653
[2020-02-17 00:34:41 +0300] [13653] [INFO] Worker spawned (pid: 13653)
[2020-02-17 00:34:41 +0300] [13654] [INFO] Booting worker with pid: 13654
[2020-02-17 00:34:41 +0300] [13654] [INFO] Worker spawned (pid: 13654)
[2020-02-17 00:34:41 +0300] [12464] [INFO] Handling signal: hup
[2020-02-17 00:34:41 +0300] [12464] [INFO] Hang up: Master
[2020-02-17 00:34:41 +0300] [13656] [INFO] Booting worker with pid: 13656
[2020-02-17 00:34:41 +0300] [13656] [INFO] Worker spawned (pid: 13656)
[2020-02-17 00:34:41 +0300] [13655] [INFO] Booting worker with pid: 13655
[2020-02-17 00:34:41 +0300] [13655] [INFO] Worker spawned (pid: 13655)
[2020-02-17 00:34:41 +0300] [13657] [INFO] Booting worker with pid: 13657
[2020-02-17 00:34:41 +0300] [13657] [INFO] Worker spawned (pid: 13657)
[2020-02-17 00:34:41 +0300] [13658] [INFO] Booting worker with pid: 13658
[2020-02-17 00:34:41 +0300] [13658] [INFO] Worker spawned (pid: 13658)
[2020-02-17 00:34:41 +0300] [13659] [INFO] Booting worker with pid: 13659
[2020-02-17 00:34:41 +0300] [13659] [INFO] Worker spawned (pid: 13659)
[2020-02-16 21:34:43 +0000] [13654] [INFO] Worker exiting (pid: 13654)
[2020-02-16 21:34:43 +0000] [13653] [INFO] Worker exiting (pid: 13653)
[2020-02-17 02:39:53 +0300] [12464] [INFO] Handling signal: term
[2020-02-17 02:39:54 +0300] [12464] [INFO] Shutting down: Master
[2020-02-17 20:03:08 +0300] [12566] [INFO] Starting gunicorn 20.0.4
[2020-02-17 20:03:08 +0300] [12566] [INFO] Listening at: http://0.0.0.0:8283 (12566)
[2020-02-17 20:03:08 +0300] [12566] [INFO] Using worker: sync
[2020-02-17 20:03:08 +0300] [12566] [INFO] Server is ready. Spawning workers
[2020-02-17 20:03:08 +0300] [12612] [INFO] Booting worker with pid: 12612
[2020-02-17 20:03:08 +0300] [12612] [INFO] Worker spawned (pid: 12612)
[2020-02-17 20:03:08 +0300] [12613] [INFO] Booting worker with pid: 12613
[2020-02-17 20:03:08 +0300] [12613] [INFO] Worker spawned (pid: 12613)
[2020-02-17 20:03:08 +0300] [12614] [INFO] Booting worker with pid: 12614
[2020-02-17 20:03:08 +0300] [12614] [INFO] Worker spawned (pid: 12614)
[2020-02-17 20:03:08 +0300] [12616] [INFO] Booting worker with pid: 12616
[2020-02-17 20:03:08 +0300] [12616] [INFO] Worker spawned (pid: 12616)
[2020-02-17 20:03:08 +0300] [12617] [INFO] Booting worker with pid: 12617
[2020-02-17 20:03:08 +0300] [12617] [INFO] Worker spawned (pid: 12617)
